{
  "files": {
    "src/__init__.py": {
      "excluded_lines": [],
      "missing_lines": [],
      "executed_lines": [],
      "summary": {
        "excluded_lines": 0,
        "missing_lines": 0,
        "covered_lines": 0,
        "num_partial_branches": 0,
        "num_branches": 0,
        "num_statements": 0,
        "percent_covered": 100.0
      }
    },
    "src/changelog/__init__.py": {
      "excluded_lines": [],
      "missing_lines": [],
      "executed_lines": [
        1
      ],
      "summary": {
        "excluded_lines": 0,
        "missing_lines": 0,
        "covered_lines": 0,
        "num_partial_branches": 0,
        "num_branches": 0,
        "num_statements": 0,
        "percent_covered": 100.0
      }
    },
    "src/changelog/commands.py": {
      "excluded_lines": [],
      "missing_lines": [
        91,
        94,
        124,
        125,
        127,
        130,
        131,
        132
      ],
      "executed_lines": [
        1,
        3,
        4,
        7,
        8,
        9,
        10,
        11,
        12,
        15,
        16,
        18,
        21,
        23,
        24,
        25,
        26,
        29,
        30,
        32,
        33,
        34,
        35,
        36,
        37,
        38,
        41,
        42,
        44,
        45,
        46,
        47,
        48,
        49,
        50,
        53,
        54,
        56,
        57,
        58,
        59,
        60,
        61,
        62,
        65,
        66,
        68,
        69,
        70,
        71,
        72,
        73,
        74,
        77,
        78,
        79,
        80,
        81,
        82,
        84,
        85,
        86,
        87,
        88,
        90,
        92,
        93,
        97,
        99,
        100,
        101,
        102,
        103,
        104,
        107,
        109,
        110,
        111,
        112,
        113,
        114,
        116,
        118,
        119,
        120,
        121,
        122,
        123,
        128
      ],
      "summary": {
        "excluded_lines": 0,
        "missing_lines": 8,
        "covered_lines": 89,
        "num_partial_branches": 7,
        "num_branches": 24,
        "num_statements": 97,
        "percent_covered": 84.29752066115702
      }
    },
    "src/changelog/utils.py": {
      "excluded_lines": [],
      "missing_lines": [],
      "executed_lines": [
        1,
        2,
        3,
        5,
        6,
        9,
        10,
        11,
        17,
        19,
        23,
        24,
        25,
        26,
        27,
        29,
        33,
        34,
        35,
        36,
        37,
        39,
        43,
        44,
        46,
        48,
        49,
        50,
        51,
        53,
        55,
        56,
        57,
        58,
        59,
        60,
        62,
        64,
        65,
        66,
        67,
        68,
        69,
        70,
        71,
        72,
        73,
        74,
        75,
        76,
        78,
        79,
        80,
        81,
        82,
        84,
        86,
        88,
        89,
        90,
        91,
        92,
        93,
        95,
        99,
        100,
        101,
        102,
        104,
        106,
        107,
        108,
        109,
        110,
        111,
        112,
        113,
        114,
        115,
        116,
        117,
        118,
        119,
        120,
        121,
        122,
        123,
        125,
        129,
        130,
        131,
        132,
        133,
        134,
        135,
        136,
        137,
        139,
        140,
        142,
        146,
        147,
        148,
        149,
        150,
        151,
        152,
        154,
        155,
        157,
        161,
        162,
        163,
        164,
        165
      ],
      "summary": {
        "excluded_lines": 0,
        "missing_lines": 0,
        "covered_lines": 115,
        "num_partial_branches": 0,
        "num_branches": 50,
        "num_statements": 115,
        "percent_covered": 100.0
      }
    },
    "src/changelog/exceptions.py": {
      "excluded_lines": [],
      "missing_lines": [],
      "executed_lines": [
        1,
        2
      ],
      "summary": {
        "excluded_lines": 0,
        "missing_lines": 0,
        "covered_lines": 2,
        "num_partial_branches": 0,
        "num_branches": 0,
        "num_statements": 2,
        "percent_covered": 100.0
      }
    },
    "src/changelog/templates.py": {
      "excluded_lines": [],
      "missing_lines": [],
      "executed_lines": [
        1,
        7,
        22,
        24,
        26,
        28
      ],
      "summary": {
        "excluded_lines": 0,
        "missing_lines": 0,
        "covered_lines": 6,
        "num_partial_branches": 0,
        "num_branches": 0,
        "num_statements": 6,
        "percent_covered": 100.0
      }
    }
  },
  "meta": {
    "timestamp": "2020-01-13T19:50:39.786603",
    "show_contexts": false,
    "version": "5.0.3",
    "branch_coverage": true
  },
  "totals": {
    "excluded_lines": 0,
    "missing_lines": 8,
    "covered_lines": 212,
    "num_partial_branches": 7,
    "num_branches": 74,
    "num_statements": 220,
    "percent_covered": 93.5374149659864
  }
}